<?xml version="1.0" encoding="UTF-8"?>
<!-- Generated by org.testng.reporters.JUnitReportReporter -->
<testsuite skipped="0" hostname="ROS-PC331" name="testCases.saptcoSRPResultsFlow" tests="1" failures="0" timestamp="23 Sep 2019 06:29:16 GMT" time="40.052" errors="0">
  <testcase name="test" time="40.052" classname="testCases.saptcoSRPResultsFlow"/>
</testsuite> <!-- testCases.saptcoSRPResultsFlow -->
